<?xml version="1.0" encoding="utf-8"?><testsuites><testsuite name="pytest" errors="0" failures="0" skipped="0" tests="4" time="0.873" timestamp="2023-03-20T14:35:23.850908" hostname="DESKTOP-KD8HF9Q"><testcase classname="test_excel_pytest_allure" name="test_excel_testcases[line0]" time="0.225" /><testcase classname="test_excel_pytest_allure" name="test_excel_testcases[line1]" time="0.188" /><testcase classname="test_excel_pytest_allure" name="test_excel_testcases[line2]" time="0.183" /><testcase classname="test_excel_pytest_allure" name="test_excel_testcases[line3]" time="0.190" /></testsuite></testsuites>